<?xml version="1.0" encoding="UTF-8"?>
<!-- Generated by org.testng.reporters.JUnitReportReporter -->
<testsuite hostname="clix-Inspiron-7560" failures="0" tests="2" name="com.clix.clixoerwebsite.CommunicationEnglishLevel1ExploreOnline" time="0.525" errors="1" timestamp="2022-02-28T12:08:19 IST" skipped="0">
  <testcase classname="com.clix.clixoerwebsite.CommunicationEnglishLevel1ExploreOnline" name="verifyExploreOnlineButtonIsDisplayed" time="0.479"/>
  <system-out/>
  <testcase classname="com.clix.clixoerwebsite.CommunicationEnglishLevel1ExploreOnline" name="verifyExploreOnlineCourseTitle" time="0.046">
    <error message="Element &lt;a id=&quot;5a9ff13a69602a0156048cd6&quot; class=&quot;explore&quot; href=&quot;https://demo-clix.tiss.edu/home/module/5a9ff13a69602a0156048cd6/courses&quot;&gt; is not clickable at point (581,853) because another element &lt;div class=&quot;cv-spinner&quot;&gt; obscures it
Build info: version: &#039;4.1.2&#039;, revision: &#039;9a5a329c5a&#039;
System info: host: &#039;clix-Inspiron-7560&#039;, ip: &#039;127.0.1.1&#039;, os.name: &#039;Linux&#039;, os.arch: &#039;amd64&#039;, os.version: &#039;5.13.0-28-generic&#039;, java.version: &#039;17.0.1&#039;
Driver info: org.openqa.selenium.firefox.FirefoxDriver
Command: [ff512c67-a418-41b8-b3aa-366bcc4b768d, clickElement {id=a4fedbfb-81bb-4c46-a324-249eb42a3c4c}]
Capabilities {acceptInsecureCerts: true, browserName: firefox, browserVersion: 97.0, javascriptEnabled: true, moz:accessibilityChecks: false, moz:buildID: 20220202182137, moz:debuggerAddress: localhost:44924, moz:geckodriverVersion: 0.30.0, moz:headless: false, moz:processID: 16666, moz:profile: /tmp/rust_mozprofileEAHNeV, moz:shutdownTimeout: 60000, moz:useNonSpecCompliantPointerOrigin: false, moz:webdriverClick: true, pageLoadStrategy: normal, platform: LINUX, platformName: LINUX, platformVersion: 5.13.0-28-generic, proxy: Proxy(), se:cdp: ws://localhost:44924/devtoo..., se:cdpVersion: 85.0, setWindowRect: true, strictFileInteractability: false, timeouts: {implicit: 0, pageLoad: 300000, script: 30000}, unhandledPromptBehavior: dismiss and notify}
Element: [[FirefoxDriver: firefox on LINUX (ff512c67-a418-41b8-b3aa-366bcc4b768d)] -&gt; css selector: div#jar &gt; div &gt; div:nth-Child(2) &gt; div &gt; div:nth-Child(3) &gt; div  &gt; div:nth-Child(4) &gt; a:nth-Child(1)]
Session ID: ff512c67-a418-41b8-b3aa-366bcc4b768d" type="org.openqa.selenium.ElementClickInterceptedException">
      <![CDATA[org.openqa.selenium.ElementClickInterceptedException: Element <a id="5a9ff13a69602a0156048cd6" class="explore" href="https://demo-clix.tiss.edu/home/module/5a9ff13a69602a0156048cd6/courses"> is not clickable at point (581,853) because another element <div class="cv-spinner"> obscures it
Build info: version: '4.1.2', revision: '9a5a329c5a'
System info: host: 'clix-Inspiron-7560', ip: '127.0.1.1', os.name: 'Linux', os.arch: 'amd64', os.version: '5.13.0-28-generic', java.version: '17.0.1'
Driver info: org.openqa.selenium.firefox.FirefoxDriver
Command: [ff512c67-a418-41b8-b3aa-366bcc4b768d, clickElement {id=a4fedbfb-81bb-4c46-a324-249eb42a3c4c}]
Capabilities {acceptInsecureCerts: true, browserName: firefox, browserVersion: 97.0, javascriptEnabled: true, moz:accessibilityChecks: false, moz:buildID: 20220202182137, moz:debuggerAddress: localhost:44924, moz:geckodriverVersion: 0.30.0, moz:headless: false, moz:processID: 16666, moz:profile: /tmp/rust_mozprofileEAHNeV, moz:shutdownTimeout: 60000, moz:useNonSpecCompliantPointerOrigin: false, moz:webdriverClick: true, pageLoadStrategy: normal, platform: LINUX, platformName: LINUX, platformVersion: 5.13.0-28-generic, proxy: Proxy(), se:cdp: ws://localhost:44924/devtoo..., se:cdpVersion: 85.0, setWindowRect: true, strictFileInteractability: false, timeouts: {implicit: 0, pageLoad: 300000, script: 30000}, unhandledPromptBehavior: dismiss and notify}
Element: [[FirefoxDriver: firefox on LINUX (ff512c67-a418-41b8-b3aa-366bcc4b768d)] -> css selector: div#jar > div > div:nth-Child(2) > div > div:nth-Child(3) > div  > div:nth-Child(4) > a:nth-Child(1)]
Session ID: ff512c67-a418-41b8-b3aa-366bcc4b768d
at java.base/jdk.internal.reflect.NativeConstructorAccessorImpl.newInstance0(Native Method)
at java.base/jdk.internal.reflect.NativeConstructorAccessorImpl.newInstance(NativeConstructorAccessorImpl.java:77)
at java.base/jdk.internal.reflect.DelegatingConstructorAccessorImpl.newInstance(DelegatingConstructorAccessorImpl.java:45)
at java.base/java.lang.reflect.Constructor.newInstanceWithCaller(Constructor.java:499)
at java.base/java.lang.reflect.Constructor.newInstance(Constructor.java:480)
at org.openqa.selenium.remote.codec.w3c.W3CHttpResponseCodec.createException(W3CHttpResponseCodec.java:200)
at org.openqa.selenium.remote.codec.w3c.W3CHttpResponseCodec.decode(W3CHttpResponseCodec.java:133)
at org.openqa.selenium.remote.codec.w3c.W3CHttpResponseCodec.decode(W3CHttpResponseCodec.java:53)
at org.openqa.selenium.remote.HttpCommandExecutor.execute(HttpCommandExecutor.java:184)
at org.openqa.selenium.remote.service.DriverCommandExecutor.invokeExecute(DriverCommandExecutor.java:167)
at org.openqa.selenium.remote.service.DriverCommandExecutor.execute(DriverCommandExecutor.java:142)
at org.openqa.selenium.remote.RemoteWebDriver.execute(RemoteWebDriver.java:558)
at org.openqa.selenium.remote.RemoteWebElement.execute(RemoteWebElement.java:251)
at org.openqa.selenium.remote.RemoteWebElement.click(RemoteWebElement.java:77)
at com.clix.clixoerwebsite.CommunicationEnglishLevel1ExploreOnline.verifyExploreOnlineCourseTitle(CommunicationEnglishLevel1ExploreOnline.java:63)
at java.base/jdk.internal.reflect.NativeMethodAccessorImpl.invoke0(Native Method)
at java.base/jdk.internal.reflect.NativeMethodAccessorImpl.invoke(NativeMethodAccessorImpl.java:77)
at java.base/jdk.internal.reflect.DelegatingMethodAccessorImpl.invoke(DelegatingMethodAccessorImpl.java:43)
at java.base/java.lang.reflect.Method.invoke(Method.java:568)
at org.testng.internal.MethodInvocationHelper.invokeMethod(MethodInvocationHelper.java:133)
at org.testng.internal.TestInvoker.invokeMethod(TestInvoker.java:598)
at org.testng.internal.TestInvoker.invokeTestMethod(TestInvoker.java:173)
at org.testng.internal.MethodRunner.runInSequence(MethodRunner.java:46)
at org.testng.internal.TestInvoker$MethodInvocationAgent.invoke(TestInvoker.java:824)
at org.testng.internal.TestInvoker.invokeTestMethods(TestInvoker.java:146)
at org.testng.internal.TestMethodWorker.invokeTestMethods(TestMethodWorker.java:146)
at org.testng.internal.TestMethodWorker.run(TestMethodWorker.java:128)
at java.base/java.util.ArrayList.forEach(ArrayList.java:1511)
at org.testng.TestRunner.privateRun(TestRunner.java:794)
at org.testng.TestRunner.run(TestRunner.java:596)
at org.testng.SuiteRunner.runTest(SuiteRunner.java:377)
at org.testng.SuiteRunner.runSequentially(SuiteRunner.java:371)
at org.testng.SuiteRunner.privateRun(SuiteRunner.java:332)
at org.testng.SuiteRunner.run(SuiteRunner.java:276)
at org.testng.SuiteRunnerWorker.runSuite(SuiteRunnerWorker.java:53)
at org.testng.SuiteRunnerWorker.run(SuiteRunnerWorker.java:96)
at org.testng.TestNG.runSuitesSequentially(TestNG.java:1212)
at org.testng.TestNG.runSuitesLocally(TestNG.java:1134)
at org.testng.TestNG.runSuites(TestNG.java:1063)
at org.testng.TestNG.run(TestNG.java:1031)
at org.testng.remote.AbstractRemoteTestNG.run(AbstractRemoteTestNG.java:115)
at org.testng.remote.RemoteTestNG.initAndRun(RemoteTestNG.java:251)
at org.testng.remote.RemoteTestNG.main(RemoteTestNG.java:77)
]]>
    </error>
  </testcase> <!-- verifyExploreOnlineCourseTitle -->
  <system-out/>
</testsuite> <!-- com.clix.clixoerwebsite.CommunicationEnglishLevel1ExploreOnline -->
