<?xml version="1.0" encoding="UTF-8"?>
<!-- Generated by org.testng.reporters.JUnitXMLReporter -->
<testsuite ignored="0" hostname="clixserver" failures="3" tests="4" name="Test DomainScience" time="27.195" errors="0" timestamp="2021-10-18T13:21:29 IST">
  <testcase classname="com.clix.clixoerwebsite.DomainScienceValidation" name="verifyDomainScienceOptionIsSelected" time="1.515">
    <failure type="org.openqa.selenium.ElementClickInterceptedException" message="element click intercepted: Element &amp;lt;a class=&amp;quot; py-3 nav-link  dropdown-toggle ml-3 fun-name&amp;quot; tabindex=&amp;quot;3&amp;quot; id=&amp;quot;dropdown04&amp;quot; data-toggle=&amp;quot;dropdown&amp;quot; aria-haspopup=&amp;quot;true&amp;quot; aria-expanded=&amp;quot;false&amp;quot; title=&amp;quot;Select asubject domain&amp;quot;&amp;gt;...&amp;lt;/a&amp;gt; is not clickable at point (941, 355). Other element would receive the click: &amp;lt;img class=&amp;quot;img-fluid mx-auto 
&amp;quot; src=&amp;quot;https://clixplatform.tiss.edu/softwares/clixoer_event_popup/event_popup.jpg&amp;quot; style=&amp;quot;display:block; &amp;quot; alt=&amp;quot;CLIx Anniversary_SM_v3-02.jpg&amp;quot;&amp;gt;
  (Session info: chrome=94.0.4606.61)
Build info: version: &amp;apos;3.141.59&amp;apos;, revision: &amp;apos;e82be7d358&amp;apos;, time: &amp;apos;2018-11-14T08:17:03&amp;apos;
System info: host: &amp;apos;clixserver&amp;apos;, ip: &amp;apos;10.1.60.83&amp;apos;, os.name: &amp;apos;Linux&amp;apos;, os.arch: &amp;apos;amd64&amp;apos;, os.version: &amp;apos;5.4.0-87-generic&amp;apos;, java.version: &amp;apos;11.0.11&amp;apos;
Driver info: org.openqa.selenium.chrome.ChromeDriver
Capabilities {acceptInsecureCerts: false, browserName: chrome, browserVersion: 94.0.4606.61, chrome: {chromedriverVersion: 93.0.4577.63 (ff5c0da2ec0ad..., userDataDir: /tmp/.com.google.Chrome.hH6ndr}, goog:chromeOptions: {debuggerAddress: localhost:39329}, javascriptEnabled: true, networkConnectionEnabled: false, pageLoadStrategy: normal, platform: LINUX, platformName: LINUX, proxy: Proxy(), setWindowRect: true, strictFileInteractability: false, timeouts: {implicit: 0, pageLoad: 300000, script: 30000}, unhandledPromptBehavior: dismiss and notify, webauthn:extension:credBlob: true, webauthn:extension:largeBlob: true, webauthn:virtualAuthenticators: true}
Session ID: e89b14ea57a5f783de15cb3ff50f4fe7">
      <![CDATA[org.openqa.selenium.ElementClickInterceptedException: element click intercepted: Element <a class=" py-3 nav-link  dropdown-toggle ml-3 fun-name" tabindex="3" id="dropdown04" data-toggle="dropdown" aria-haspopup="true" aria-expanded="false" title="Select asubject domain">...</a> is not clickable at point (941, 355). Other element would receive the click: <img class="img-fluid mx-auto 
" src="https://clixplatform.tiss.edu/softwares/clixoer_event_popup/event_popup.jpg" style="display:block; " alt="CLIx Anniversary_SM_v3-02.jpg">
  (Session info: chrome=94.0.4606.61)
Build info: version: '3.141.59', revision: 'e82be7d358', time: '2018-11-14T08:17:03'
System info: host: 'clixserver', ip: '10.1.60.83', os.name: 'Linux', os.arch: 'amd64', os.version: '5.4.0-87-generic', java.version: '11.0.11'
Driver info: org.openqa.selenium.chrome.ChromeDriver
Capabilities {acceptInsecureCerts: false, browserName: chrome, browserVersion: 94.0.4606.61, chrome: {chromedriverVersion: 93.0.4577.63 (ff5c0da2ec0ad..., userDataDir: /tmp/.com.google.Chrome.hH6ndr}, goog:chromeOptions: {debuggerAddress: localhost:39329}, javascriptEnabled: true, networkConnectionEnabled: false, pageLoadStrategy: normal, platform: LINUX, platformName: LINUX, proxy: Proxy(), setWindowRect: true, strictFileInteractability: false, timeouts: {implicit: 0, pageLoad: 300000, script: 30000}, unhandledPromptBehavior: dismiss and notify, webauthn:extension:credBlob: true, webauthn:extension:largeBlob: true, webauthn:virtualAuthenticators: true}
Session ID: e89b14ea57a5f783de15cb3ff50f4fe7
at org.openqa.selenium.remote.http.W3CHttpResponseCodec.createException(W3CHttpResponseCodec.java:187)
at org.openqa.selenium.remote.http.W3CHttpResponseCodec.decode(W3CHttpResponseCodec.java:122)
at org.openqa.selenium.remote.http.W3CHttpResponseCodec.decode(W3CHttpResponseCodec.java:49)
at org.openqa.selenium.remote.HttpCommandExecutor.execute(HttpCommandExecutor.java:158)
at org.openqa.selenium.remote.service.DriverCommandExecutor.execute(DriverCommandExecutor.java:83)
at org.openqa.selenium.remote.RemoteWebDriver.execute(RemoteWebDriver.java:552)
at org.openqa.selenium.remote.RemoteWebElement.execute(RemoteWebElement.java:285)
at org.openqa.selenium.remote.RemoteWebElement.click(RemoteWebElement.java:84)
at com.clix.clixoerwebsite.DomainScienceValidation.verifyDomainScienceOptionIsSelected(DomainScienceValidation.java:46)
at java.base/java.util.ArrayList.forEach(ArrayList.java:1541)
... Removed 31 stack frames]]>
    </failure>
  </testcase> <!-- verifyDomainScienceOptionIsSelected -->
  <testcase classname="com.clix.clixoerwebsite.DomainScienceValidation" name="verifyTheNumberOfLinksOnScienceDomainPage" time="0.047">
    <failure type="java.lang.AssertionError" message="expected:&amp;lt;243&amp;gt; but was:&amp;lt;132&amp;gt;">
      <![CDATA[java.lang.AssertionError: expected:<243> but was:<132>
at org.junit.Assert.fail(Assert.java:89)
at org.junit.Assert.failNotEquals(Assert.java:835)
at org.junit.Assert.assertEquals(Assert.java:647)
at org.junit.Assert.assertEquals(Assert.java:633)
at com.clix.clixoerwebsite.DomainScienceValidation.verifyTheNumberOfLinksOnScienceDomainPage(DomainScienceValidation.java:76)
at java.base/java.util.ArrayList.forEach(ArrayList.java:1541)
... Removed 27 stack frames]]>
    </failure>
  </testcase> <!-- verifyTheNumberOfLinksOnScienceDomainPage -->
  <testcase classname="com.clix.clixoerwebsite.DomainScienceValidation" name="verifyTheNumberOfScienceModules" time="10.041">
    <failure type="java.lang.AssertionError" message="expected:&amp;lt;0&amp;gt; but was:&amp;lt;6&amp;gt;">
      <![CDATA[java.lang.AssertionError: expected:<0> but was:<6>
at org.junit.Assert.fail(Assert.java:89)
at org.junit.Assert.failNotEquals(Assert.java:835)
at org.junit.Assert.assertEquals(Assert.java:647)
at org.junit.Assert.assertEquals(Assert.java:633)
at com.clix.clixoerwebsite.DomainScienceValidation.verifyTheNumberOfScienceModules(DomainScienceValidation.java:66)
at java.base/java.util.ArrayList.forEach(ArrayList.java:1541)
... Removed 27 stack frames]]>
    </failure>
  </testcase> <!-- verifyTheNumberOfScienceModules -->
  <testcase classname="com.clix.clixoerwebsite.DomainScienceValidation" name="verifyTheScienceModuleTitles" time="10.051"/>
</testsuite> <!-- Test DomainScience -->
