<?xml version="1.0" encoding="UTF-8"?>
<!-- Generated by org.testng.reporters.JUnitXMLReporter -->
<testsuite ignored="0" hostname="clixserver" failures="1" tests="2" name="Test FooterContactUsLinkValidation" time="17.36" errors="0" timestamp="2021-10-17T19:51:16 IST">
  <testcase classname="com.clix.clixoerwebsite.FooterContactUsLinkValidation" name="verifyAboutLinkIsDisplayed" time="0.225"/>
  <testcase classname="com.clix.clixoerwebsite.FooterContactUsLinkValidation" name="verifyAboutLinkValidation" time="12.03">
    <failure type="org.openqa.selenium.TimeoutException" message="Expected condition failed: waiting for presence of element located by: By.cssSelector: div.py-5 &amp;gt; div &amp;gt; section &amp;gt; div:nth-Child(1) &amp;gt; div &amp;gt; div &amp;gt; div:nth-Child(2) &amp;gt; div &amp;gt; h5 (tried for 10 second(s) with 500 milliseconds interval)">
      <![CDATA[org.openqa.selenium.TimeoutException: Expected condition failed: waiting for presence of element located by: By.cssSelector: div.py-5 > div > section > div:nth-Child(1) > div > div > div:nth-Child(2) > div > h5 (tried for 10 second(s) with 500 milliseconds interval)
at org.openqa.selenium.support.ui.WebDriverWait.timeoutException(WebDriverWait.java:95)
at org.openqa.selenium.support.ui.FluentWait.until(FluentWait.java:272)
at pageObjects.FooterPage.getContactUsPageHeading(FooterPage.java:82)
at com.clix.clixoerwebsite.FooterContactUsLinkValidation.verifyAboutLinkValidation(FooterContactUsLinkValidation.java:80)
at java.base/java.util.ArrayList.forEach(ArrayList.java:1541)
Caused by: org.openqa.selenium.NoSuchElementException: no such element: Unable to locate element: {"method":"css selector","selector":"div.py-5 > div > section > div:nth-Child(1) > div > div > div:nth-Child(2) > div > h5"}
  (Session info: chrome=94.0.4606.61)
For documentation on this error, please visit: https://www.seleniumhq.org/exceptions/no_such_element.html
Build info: version: '3.141.59', revision: 'e82be7d358', time: '2018-11-14T08:17:03'
System info: host: 'clixserver', ip: '173.255.194.134', os.name: 'Linux', os.arch: 'amd64', os.version: '5.4.0-87-generic', java.version: '11.0.11'
Driver info: org.openqa.selenium.chrome.ChromeDriver
Capabilities {acceptInsecureCerts: false, browserName: chrome, browserVersion: 94.0.4606.61, chrome: {chromedriverVersion: 93.0.4577.63 (ff5c0da2ec0ad..., userDataDir: /tmp/.com.google.Chrome.8x8N02}, goog:chromeOptions: {debuggerAddress: localhost:37251}, javascriptEnabled: true, networkConnectionEnabled: false, pageLoadStrategy: normal, platform: LINUX, platformName: LINUX, proxy: Proxy(), setWindowRect: true, strictFileInteractability: false, timeouts: {implicit: 0, pageLoad: 300000, script: 30000}, unhandledPromptBehavior: dismiss and notify, webauthn:extension:credBlob: true, webauthn:extension:largeBlob: true, webauthn:virtualAuthenticators: true}
Session ID: 1c08d169dfe7919d11e4459b70dc451f
*** Element info: {Using=css selector, value=div.py-5 > div > section > div:nth-Child(1) > div > div > div:nth-Child(2) > div > h5}
at org.openqa.selenium.remote.http.W3CHttpResponseCodec.createException(W3CHttpResponseCodec.java:187)
at org.openqa.selenium.remote.http.W3CHttpResponseCodec.decode(W3CHttpResponseCodec.java:122)
at org.openqa.selenium.remote.http.W3CHttpResponseCodec.decode(W3CHttpResponseCodec.java:49)
at org.openqa.selenium.remote.HttpCommandExecutor.execute(HttpCommandExecutor.java:158)
at org.openqa.selenium.remote.service.DriverCommandExecutor.execute(DriverCommandExecutor.java:83)
at org.openqa.selenium.remote.RemoteWebDriver.execute(RemoteWebDriver.java:552)
at org.openqa.selenium.remote.RemoteWebDriver.findElement(RemoteWebDriver.java:323)
at org.openqa.selenium.remote.RemoteWebDriver.findElementByCssSelector(RemoteWebDriver.java:420)
at org.openqa.selenium.By$ByCssSelector.findElement(By.java:431)
at org.openqa.selenium.remote.RemoteWebDriver.findElement(RemoteWebDriver.java:315)
at org.openqa.selenium.support.ui.ExpectedConditions$6.apply(ExpectedConditions.java:182)
at org.openqa.selenium.support.ui.ExpectedConditions$6.apply(ExpectedConditions.java:179)
at org.openqa.selenium.support.ui.FluentWait.until(FluentWait.java:249)
... 30 more
... Removed 31 stack frames]]>
    </failure>
  </testcase> <!-- verifyAboutLinkValidation -->
</testsuite> <!-- Test FooterContactUsLinkValidation -->
